#
# A fatal error has been detected by the Java Runtime Environment:
#
#  SIGSEGV (0xb) at pc=0x000000010a432d20, pid=1597, tid=16899
#
# JRE version: Java(TM) SE Runtime Environment (8.0_40-b27) (build 1.8.0_40-b27)
# Java VM: Java HotSpot(TM) 64-Bit Server VM (25.40-b25 mixed mode bsd-amd64 compressed oops)
# Problematic frame:
# V  [libjvm.dylib+0x432d20]  Method::checked_resolve_jmethod_id(_jmethodID*)+0xe
#
# Failed to write core dump. Core dumps have been disabled. To enable core dumping, try "ulimit -c unlimited" before starting Java again
#
# If you would like to submit a bug report, please visit:
#   http://bugreport.java.com/bugreport/crash.jsp
#

---------------  T H R E A D  ---------------

Current thread (0x00007f8edb020000):  JavaThread "JDWP Transport Listener: dt_socket" daemon [_thread_in_vm, id=16899, stack(0x0000000122a58000,0x0000000122b58000)]

siginfo: si_signo: 11 (SIGSEGV), si_code: 0 (unknown), si_addr: 0x0000000000000000

Registers:
RAX=0x0000000000000001, RBX=0x0000000122b57a8b, RCX=0x000000010a7fa190, RDX=0x0000000122b57a8b
RSP=0x0000000122b579d0, RBP=0x0000000122b579e0, RSI=0x00007f8edb020000, RDI=0x000407f8edad2e1e
R8 =0x0000000000000000, R9 =0x00007f8edad00000, R10=0x0000000000000010, R11=0x00007f8edad00000
R12=0x00007f8edb020000, R13=0x000407f8edad2e1e, R14=0x000407f8edad2e1e, R15=0x00007f8edae01960
RIP=0x000000010a432d20, EFLAGS=0x0000000000010206, ERR=0x0000000000000000
  TRAPNO=0x000000000000000d

Top of Stack: (sp=0x0000000122b579d0)
0x0000000122b579d0:   0000000122b57a8b 0000000122b57a8b
0x0000000122b579e0:   0000000122b57a40 000000010a34311a
0x0000000122b579f0:   00007f8edb020000 0000000000000000
0x0000000122b57a00:   0000000000000000 0000000000000000
0x0000000122b57a10:   00007f8edb020000 00007f8edb020000
0x0000000122b57a20:   0000000122b57a8b 0000000122b57a90
0x0000000122b57a30:   000407f8edad2e1e 0000000000000007
0x0000000122b57a40:   0000000122b57a60 000000010af89780
0x0000000122b57a50:   0000000000000001 0000000122b57b08
0x0000000122b57a60:   0000000122b57ad0 000000010af6e1f3
0x0000000122b57a70:   0000000122b57aa0 00007f8edad1af80
0x0000000122b57a80:   0000000800000032 0000000a00b57b08
0x0000000122b57a90:   0000000000000000 0000000000000000
0x0000000122b57aa0:   0000000000000000 0000000122b57c90
0x0000000122b57ab0:   000000010af90e7a 00007f8edad2de50
0x0000000122b57ac0:   0000000122b57b08 000000010af9c598
0x0000000122b57ad0:   0000000122b57ae0 000000010af6e2ec
0x0000000122b57ae0:   0000000122b57d00 000000010af77898
0x0000000122b57af0:   00005f5500000013 00000000000f0200
0x0000000122b57b00:   00007f8edad2e1e0 0000000122b57c7c
0x0000000122b57b10:   00007f8e00000008 0000000122b57b20
0x0000000122b57b20:   00007f8e00000124 0000000122b57b58
0x0000000122b57b30:   0000000000000000 00007f0000000000
0x0000000122b57b40:   00005f5500000030 00007fff0000bf80
0x0000000122b57b50:   0000000122b57b58 8e7f000008000000
0x0000000122b57b60:   060000004878c3da 00003e74696e693c
0x0000000122b57b70:   0000005629280300 7f00000100000000
0x0000000122b57b80:   0000002078c3da8e 0000006e69616d04
0x0000000122b57b90:   6176616a4c5b2816 74532f676e616c2f
0x0000000122b57ba0:   0056293b676e6972 0009000000000000
0x0000000122b57bb0:   005078c3da8e7f00 656772656d0d0000
0x0000000122b57bc0:   7473655474726f53 0056292803000000 

Instructions: (pc=0x000000010a432d20)
0x000000010a432d00:   40 48 48 85 c0 75 e0 30 c0 0f b6 c0 5d c3 31 c0
0x000000010a432d10:   5d c3 55 48 89 e5 53 48 83 ec 08 48 85 ff 74 24
0x000000010a432d20:   48 8b 1f 48 85 db 74 1c 48 83 fb 37 74 16 48 8b
0x000000010a432d30:   03 48 89 df ff 50 10 84 c0 b8 00 00 00 00 48 0f 

Register to memory mapping:

RAX=0x0000000000000001 is an unknown value
RBX=0x0000000122b57a8b is pointing into the stack for thread: 0x00007f8edb020000
RCX=0x000000010a7fa190: UseMembar+0 in /Library/Java/JavaVirtualMachines/jdk1.8.0_40.jdk/Contents/Home/jre/lib/server/libjvm.dylib at 0x000000010a000000
RDX=0x0000000122b57a8b is pointing into the stack for thread: 0x00007f8edb020000
RSP=0x0000000122b579d0 is pointing into the stack for thread: 0x00007f8edb020000
RBP=0x0000000122b579e0 is pointing into the stack for thread: 0x00007f8edb020000
RSI=0x00007f8edb020000 is a thread
RDI=0x000407f8edad2e1e is an unknown value
R8 =0x0000000000000000 is an unknown value
R9 =0x00007f8edad00000 is an unknown value
R10=0x0000000000000010 is an unknown value
R11=0x00007f8edad00000 is an unknown value
R12=0x00007f8edb020000 is a thread
R13=0x000407f8edad2e1e is an unknown value
R14=0x000407f8edad2e1e is an unknown value
R15=0x00007f8edae01960 is an unknown value


Stack: [0x0000000122a58000,0x0000000122b58000],  sp=0x0000000122b579d0,  free space=1022k
Native frames: (J=compiled Java code, j=interpreted, Vv=VM code, C=native code)
V  [libjvm.dylib+0x432d20]  Method::checked_resolve_jmethod_id(_jmethodID*)+0xe
V  [libjvm.dylib+0x34311a]  jvmti_IsMethodSynthetic+0xb2
C  [libjdwp.dylib+0x20780]  isMethodSynthetic+0x63
C  [libjdwp.dylib+0x51f3]  methods1+0x10b
C  [libjdwp.dylib+0x52ec]  methodsWithGeneric+0xe
C  [libjdwp.dylib+0xe898]  debugLoop_run+0x1ce
C  [libjdwp.dylib+0x1f6ba]  attachThread+0x4d
V  [libjvm.dylib+0x384060]  JvmtiAgentThread::call_start_function()+0x38
V  [libjvm.dylib+0x549acf]  JavaThread::thread_main_inner()+0x9b
V  [libjvm.dylib+0x54b1c0]  JavaThread::run()+0x1c2
V  [libjvm.dylib+0x46ea8e]  java_start(Thread*)+0xf6
C  [libsystem_pthread.dylib+0x3268]  _pthread_body+0x83
C  [libsystem_pthread.dylib+0x31e5]  _pthread_body+0x0
C  [libsystem_pthread.dylib+0x141d]  thread_start+0xd
C  0x0000000000000000


---------------  P R O C E S S  ---------------

Java Threads: ( => current thread )
  0x00007f8edc830800 JavaThread "Service Thread" daemon [_thread_blocked, id=19971, stack(0x000000012306a000,0x000000012316a000)]
  0x00007f8edb842800 JavaThread "C1 CompilerThread2" daemon [_thread_blocked, id=19459, stack(0x0000000122f67000,0x0000000123067000)]
  0x00007f8edb842000 JavaThread "C2 CompilerThread1" daemon [_thread_blocked, id=18947, stack(0x0000000122e64000,0x0000000122f64000)]
  0x00007f8edb840800 JavaThread "C2 CompilerThread0" daemon [_thread_blocked, id=18435, stack(0x0000000122d61000,0x0000000122e61000)]
  0x00007f8edc827800 JavaThread "JDWP Command Reader" daemon [_thread_in_native, id=17923, stack(0x0000000122c5e000,0x0000000122d5e000)]
  0x00007f8edb83a800 JavaThread "JDWP Event Helper Thread" daemon [_thread_blocked, id=17411, stack(0x0000000122b5b000,0x0000000122c5b000)]
=>0x00007f8edb020000 JavaThread "JDWP Transport Listener: dt_socket" daemon [_thread_in_vm, id=16899, stack(0x0000000122a58000,0x0000000122b58000)]
  0x00007f8edb01f800 JavaThread "Signal Dispatcher" daemon [_thread_blocked, id=13843, stack(0x000000012294e000,0x0000000122a4e000)]
  0x00007f8edb82c800 JavaThread "Finalizer" daemon [_thread_blocked, id=12035, stack(0x0000000120f32000,0x0000000121032000)]
  0x00007f8edb82c000 JavaThread "Reference Handler" daemon [_thread_blocked, id=11523, stack(0x0000000120e2f000,0x0000000120f2f000)]
  0x00007f8edc008000 JavaThread "main" [_thread_blocked, id=5379, stack(0x00000001096a8000,0x00000001097a8000)]

Other Threads:
  0x00007f8edb829800 VMThread [stack: 0x0000000120d2c000,0x0000000120e2c000] [id=11011]
  0x00007f8edc831000 WatcherThread [stack: 0x000000012316d000,0x000000012326d000] [id=20483]

VM state:not at safepoint (normal execution)

VM Mutex/Monitor currently owned by a thread: None

Heap:
 PSYoungGen      total 38400K, used 3336K [0x0000000795580000, 0x0000000798000000, 0x00000007c0000000)
  eden space 33280K, 10% used [0x0000000795580000,0x00000007958c20e0,0x0000000797600000)
  from space 5120K, 0% used [0x0000000797b00000,0x0000000797b00000,0x0000000798000000)
  to   space 5120K, 0% used [0x0000000797600000,0x0000000797600000,0x0000000797b00000)
 ParOldGen       total 87552K, used 0K [0x0000000740000000, 0x0000000745580000, 0x0000000795580000)
  object space 87552K, 0% used [0x0000000740000000,0x0000000740000000,0x0000000745580000)
 Metaspace       used 2847K, capacity 4568K, committed 4864K, reserved 1056768K
  class space    used 305K, capacity 392K, committed 512K, reserved 1048576K

Card table byte_map: [0x000000011a37d000,0x000000011a77e000] byte_map_base: 0x000000011697d000

Marking Bits: (ParMarkBitMap*) 0x000000010a8c27a0
 Begin Bits: [0x000000011ae35000, 0x000000011ce35000)
 End Bits:   [0x000000011ce35000, 0x000000011ee35000)

Polling page: 0x00000001097ed000

CodeCache: size=245760Kb used=1182Kb max_used=1182Kb free=244577Kb
 bounds [0x000000010afbd000, 0x000000010b22d000, 0x0000000119fbd000]
 total_blobs=302 nmethods=69 adapters=155
 compilation: enabled

Compilation events (10 events):
Event: 0.166 Thread 0x00007f8edb842800   65       3       java.util.ArrayList::rangeCheck (22 bytes)
Event: 0.170 Thread 0x00007f8edb842800 nmethod 65 0x000000010b0e2c90 code [0x000000010b0e2ec0, 0x000000010b0e3978]
Event: 0.170 Thread 0x00007f8edb842800   66       3       java.util.ArrayList::elementData (7 bytes)
Event: 0.170 Thread 0x00007f8edb842800 nmethod 66 0x000000010b0dfc50 code [0x000000010b0dfdc0, 0x000000010b0dff50]
Event: 0.170 Thread 0x00007f8edb842800   67       3       java.util.ArrayList::get (11 bytes)
Event: 0.171 Thread 0x00007f8edb842800 nmethod 67 0x000000010b0e3f90 code [0x000000010b0e4140, 0x000000010b0e4498]
Event: 0.172 Thread 0x00007f8edb842800   68       3       java.lang.StringBuilder::<init> (7 bytes)
Event: 0.173 Thread 0x00007f8edb842800 nmethod 68 0x000000010b0e4710 code [0x000000010b0e4880, 0x000000010b0e4b30]
Event: 0.173 Thread 0x00007f8edb842800   69       3       java.lang.StringBuilder::toString (17 bytes)
Event: 0.173 Thread 0x00007f8edb842800 nmethod 69 0x000000010b0e4c50 code [0x000000010b0e4dc0, 0x000000010b0e4fc8]

GC Heap History (0 events):
No events

Deoptimization events (0 events):
No events

Internal exceptions (2 events):
Event: 0.050 Thread 0x00007f8edc008000 Exception <a 'java/lang/NoSuchMethodError': Method sun.misc.Unsafe.defineClass(Ljava/lang/String;[BII)Ljava/lang/Class; name or signature does not match> (0x0000000795592c10) thrown at [/Users/java_re/workspace/8-2-build-macosx-x86_64/jdk8u40/3153/hotspot
Event: 0.050 Thread 0x00007f8edc008000 Exception <a 'java/lang/NoSuchMethodError': Method sun.misc.Unsafe.prefetchRead(Ljava/lang/Object;J)V name or signature does not match> (0x0000000795592ea0) thrown at [/Users/java_re/workspace/8-2-build-macosx-x86_64/jdk8u40/3153/hotspot/src/share/vm/prim

Events (10 events):
Event: 29483.789 Executing VM operation: RedefineClasses
Event: 29483.794 Executing VM operation: RedefineClasses done
Event: 29483.796 Executing VM operation: GetOrSetLocal
Event: 29483.796 Executing VM operation: GetOrSetLocal done
Event: 29483.871 Executing VM operation: GetOrSetLocal
Event: 29483.871 Executing VM operation: GetOrSetLocal done
Event: 29483.875 Executing VM operation: GetOrSetLocal
Event: 29483.875 Executing VM operation: GetOrSetLocal done
Event: 29483.877 Executing VM operation: GetOrSetLocal
Event: 29483.877 Executing VM operation: GetOrSetLocal done


Dynamic libraries:
0x0000000002297000 	/System/Library/Frameworks/Cocoa.framework/Versions/A/Cocoa
0x0000000002297000 	/System/Library/Frameworks/Security.framework/Versions/A/Security
0x0000000002297000 	/System/Library/Frameworks/ApplicationServices.framework/Versions/A/ApplicationServices
0x0000000002297000 	/usr/lib/libz.1.dylib
0x0000000002297000 	/usr/lib/libSystem.B.dylib
0x0000000002297000 	/usr/lib/libobjc.A.dylib
0x0000000002297000 	/System/Library/Frameworks/CoreFoundation.framework/Versions/A/CoreFoundation
0x0000000002297000 	/System/Library/Frameworks/Foundation.framework/Versions/C/Foundation
0x0000000002297000 	/System/Library/Frameworks/AppKit.framework/Versions/C/AppKit
0x0000000002297000 	/System/Library/Frameworks/CoreData.framework/Versions/A/CoreData
0x0000000002297000 	/System/Library/PrivateFrameworks/RemoteViewServices.framework/Versions/A/RemoteViewServices
0x0000000002297000 	/System/Library/PrivateFrameworks/UIFoundation.framework/Versions/A/UIFoundation
0x0000000002297000 	/System/Library/Frameworks/IOSurface.framework/Versions/A/IOSurface
0x0000000002297000 	/System/Library/Frameworks/AudioToolbox.framework/Versions/A/AudioToolbox
0x0000000002297000 	/System/Library/Frameworks/AudioUnit.framework/Versions/A/AudioUnit
0x0000000002297000 	/System/Library/PrivateFrameworks/DataDetectorsCore.framework/Versions/A/DataDetectorsCore
0x0000000002297000 	/System/Library/PrivateFrameworks/DesktopServicesPriv.framework/Versions/A/DesktopServicesPriv
0x0000000002297000 	/System/Library/Frameworks/Carbon.framework/Versions/A/Frameworks/HIToolbox.framework/Versions/A/HIToolbox
0x0000000002297000 	/System/Library/Frameworks/QuartzCore.framework/Versions/A/QuartzCore
0x0000000002297000 	/System/Library/Frameworks/Carbon.framework/Versions/A/Frameworks/SpeechRecognition.framework/Versions/A/SpeechRecognition
0x0000000002297000 	/usr/lib/libauto.dylib
0x0000000002297000 	/usr/lib/libicucore.A.dylib
0x0000000002297000 	/usr/lib/libxml2.2.dylib
0x0000000002297000 	/System/Library/PrivateFrameworks/CoreUI.framework/Versions/A/CoreUI
0x0000000002297000 	/System/Library/Frameworks/CoreAudio.framework/Versions/A/CoreAudio
0x0000000002297000 	/System/Library/Frameworks/DiskArbitration.framework/Versions/A/DiskArbitration
0x0000000002297000 	/usr/lib/liblangid.dylib
0x0000000002297000 	/System/Library/PrivateFrameworks/MultitouchSupport.framework/Versions/A/MultitouchSupport
0x0000000002297000 	/System/Library/Frameworks/IOKit.framework/Versions/A/IOKit
0x0000000002297000 	/usr/lib/libDiagnosticMessagesClient.dylib
0x0000000002297000 	/System/Library/Frameworks/CoreServices.framework/Versions/A/CoreServices
0x0000000002297000 	/System/Library/PrivateFrameworks/PerformanceAnalysis.framework/Versions/A/PerformanceAnalysis
0x0000000002297000 	/System/Library/PrivateFrameworks/GenerationalStorage.framework/Versions/A/GenerationalStorage
0x0000000002297000 	/System/Library/Frameworks/OpenGL.framework/Versions/A/OpenGL
0x0000000002297000 	/System/Library/PrivateFrameworks/Sharing.framework/Versions/A/Sharing
0x0000000002297000 	/System/Library/Frameworks/CoreGraphics.framework/Versions/A/CoreGraphics
0x0000000002297000 	/System/Library/Frameworks/CoreText.framework/Versions/A/CoreText
0x0000000002297000 	/System/Library/Frameworks/ImageIO.framework/Versions/A/ImageIO
0x0000000002297000 	/usr/lib/libextension.dylib
0x0000000002297000 	/System/Library/PrivateFrameworks/Backup.framework/Versions/A/Backup
0x0000000002297000 	/usr/lib/libarchive.2.dylib
0x0000000002297000 	/System/Library/Frameworks/CFNetwork.framework/Versions/A/CFNetwork
0x0000000002297000 	/System/Library/Frameworks/SystemConfiguration.framework/Versions/A/SystemConfiguration
0x0000000002297000 	/usr/lib/libCRFSuite.dylib
0x0000000002297000 	/usr/lib/libc++.1.dylib
0x0000000002297000 	/usr/lib/libc++abi.dylib
0x0000000002297000 	/usr/lib/system/libcache.dylib
0x0000000002297000 	/usr/lib/system/libcommonCrypto.dylib
0x0000000002297000 	/usr/lib/system/libcompiler_rt.dylib
0x0000000002297000 	/usr/lib/system/libcopyfile.dylib
0x0000000002297000 	/usr/lib/system/libcorecrypto.dylib
0x0000000002297000 	/usr/lib/system/libdispatch.dylib
0x0000000002297000 	/usr/lib/system/libdyld.dylib
0x0000000002297000 	/usr/lib/system/libkeymgr.dylib
0x0000000002297000 	/usr/lib/system/liblaunch.dylib
0x0000000002297000 	/usr/lib/system/libmacho.dylib
0x0000000002297000 	/usr/lib/system/libquarantine.dylib
0x0000000002297000 	/usr/lib/system/libremovefile.dylib
0x0000000002297000 	/usr/lib/system/libsystem_asl.dylib
0x0000000002297000 	/usr/lib/system/libsystem_blocks.dylib
0x0000000002297000 	/usr/lib/system/libsystem_c.dylib
0x0000000002297000 	/usr/lib/system/libsystem_configuration.dylib
0x0000000002297000 	/usr/lib/system/libsystem_coreservices.dylib
0x0000000002297000 	/usr/lib/system/libsystem_coretls.dylib
0x0000000002297000 	/usr/lib/system/libsystem_dnssd.dylib
0x0000000002297000 	/usr/lib/system/libsystem_info.dylib
0x0000000002297000 	/usr/lib/system/libsystem_kernel.dylib
0x0000000002297000 	/usr/lib/system/libsystem_m.dylib
0x0000000002297000 	/usr/lib/system/libsystem_malloc.dylib
0x0000000002297000 	/usr/lib/system/libsystem_network.dylib
0x0000000002297000 	/usr/lib/system/libsystem_networkextension.dylib
0x0000000002297000 	/usr/lib/system/libsystem_notify.dylib
0x0000000002297000 	/usr/lib/system/libsystem_platform.dylib
0x0000000002297000 	/usr/lib/system/libsystem_pthread.dylib
0x0000000002297000 	/usr/lib/system/libsystem_sandbox.dylib
0x0000000002297000 	/usr/lib/system/libsystem_secinit.dylib
0x0000000002297000 	/usr/lib/system/libsystem_stats.dylib
0x0000000002297000 	/usr/lib/system/libsystem_trace.dylib
0x0000000002297000 	/usr/lib/system/libunc.dylib
0x0000000002297000 	/usr/lib/system/libunwind.dylib
0x0000000002297000 	/usr/lib/system/libxpc.dylib
0x0000000002297000 	/usr/lib/libbz2.1.0.dylib
0x0000000002297000 	/usr/lib/liblzma.5.dylib
0x0000000002297000 	/usr/lib/libbsm.0.dylib
0x0000000002297000 	/usr/lib/libsqlite3.dylib
0x0000000002297000 	/usr/lib/system/libkxld.dylib
0x0000000002297000 	/usr/lib/libxar.1.dylib
0x0000000002297000 	/usr/lib/libpam.2.dylib
0x0000000002297000 	/usr/lib/libOpenScriptingUtil.dylib
0x0000000002297000 	/System/Library/Frameworks/CoreServices.framework/Versions/A/Frameworks/FSEvents.framework/Versions/A/FSEvents
0x0000000002297000 	/System/Library/Frameworks/CoreServices.framework/Versions/A/Frameworks/CarbonCore.framework/Versions/A/CarbonCore
0x0000000002297000 	/System/Library/Frameworks/CoreServices.framework/Versions/A/Frameworks/Metadata.framework/Versions/A/Metadata
0x0000000002297000 	/System/Library/Frameworks/CoreServices.framework/Versions/A/Frameworks/OSServices.framework/Versions/A/OSServices
0x0000000002297000 	/System/Library/Frameworks/CoreServices.framework/Versions/A/Frameworks/SearchKit.framework/Versions/A/SearchKit
0x0000000002297000 	/System/Library/Frameworks/CoreServices.framework/Versions/A/Frameworks/AE.framework/Versions/A/AE
0x0000000002297000 	/System/Library/Frameworks/CoreServices.framework/Versions/A/Frameworks/LaunchServices.framework/Versions/A/LaunchServices
0x0000000002297000 	/System/Library/Frameworks/CoreServices.framework/Versions/A/Frameworks/DictionaryServices.framework/Versions/A/DictionaryServices
0x0000000002297000 	/System/Library/Frameworks/NetFS.framework/Versions/A/NetFS
0x0000000002297000 	/System/Library/PrivateFrameworks/NetAuth.framework/Versions/A/NetAuth
0x0000000002297000 	/System/Library/PrivateFrameworks/login.framework/Versions/A/Frameworks/loginsupport.framework/Versions/A/loginsupport
0x0000000002297000 	/System/Library/PrivateFrameworks/TCC.framework/Versions/A/TCC
0x0000000002297000 	/usr/lib/libmecabra.dylib
0x0000000002297000 	/System/Library/Frameworks/ApplicationServices.framework/Versions/A/Frameworks/ATS.framework/Versions/A/ATS
0x0000000002297000 	/System/Library/Frameworks/ApplicationServices.framework/Versions/A/Frameworks/ColorSync.framework/Versions/A/ColorSync
0x0000000002297000 	/System/Library/Frameworks/ApplicationServices.framework/Versions/A/Frameworks/HIServices.framework/Versions/A/HIServices
0x0000000002297000 	/System/Library/Frameworks/ApplicationServices.framework/Versions/A/Frameworks/LangAnalysis.framework/Versions/A/LangAnalysis
0x0000000002297000 	/System/Library/Frameworks/ApplicationServices.framework/Versions/A/Frameworks/PrintCore.framework/Versions/A/PrintCore
0x0000000002297000 	/System/Library/Frameworks/ApplicationServices.framework/Versions/A/Frameworks/QD.framework/Versions/A/QD
0x0000000002297000 	/System/Library/Frameworks/ApplicationServices.framework/Versions/A/Frameworks/SpeechSynthesis.framework/Versions/A/SpeechSynthesis
0x0000000002297000 	/System/Library/Frameworks/Accelerate.framework/Versions/A/Accelerate
0x0000000002297000 	/System/Library/Frameworks/Accelerate.framework/Versions/A/Frameworks/vImage.framework/Versions/A/vImage
0x0000000002297000 	/System/Library/Frameworks/Accelerate.framework/Versions/A/Frameworks/vecLib.framework/Versions/A/vecLib
0x0000000002297000 	/System/Library/Frameworks/Accelerate.framework/Versions/A/Frameworks/vecLib.framework/Versions/A/libvDSP.dylib
0x0000000002297000 	/System/Library/Frameworks/Accelerate.framework/Versions/A/Frameworks/vecLib.framework/Versions/A/libvMisc.dylib
0x0000000002297000 	/System/Library/Frameworks/Accelerate.framework/Versions/A/Frameworks/vecLib.framework/Versions/A/libLAPACK.dylib
0x0000000002297000 	/System/Library/Frameworks/Accelerate.framework/Versions/A/Frameworks/vecLib.framework/Versions/A/libBLAS.dylib
0x0000000002297000 	/System/Library/Frameworks/Accelerate.framework/Versions/A/Frameworks/vecLib.framework/Versions/A/libLinearAlgebra.dylib
0x0000000002297000 	/System/Library/Frameworks/ApplicationServices.framework/Versions/A/Frameworks/ATS.framework/Versions/A/Resources/libFontParser.dylib
0x0000000002297000 	/System/Library/Frameworks/ApplicationServices.framework/Versions/A/Frameworks/ATS.framework/Versions/A/Resources/libFontRegistry.dylib
0x0000000002297000 	/System/Library/PrivateFrameworks/AppleVPA.framework/Versions/A/AppleVPA
0x0000000002297000 	/System/Library/PrivateFrameworks/AppleJPEG.framework/Versions/A/AppleJPEG
0x0000000002297000 	/System/Library/Frameworks/ImageIO.framework/Versions/A/Resources/libJPEG.dylib
0x0000000002297000 	/System/Library/Frameworks/ImageIO.framework/Versions/A/Resources/libTIFF.dylib
0x0000000002297000 	/System/Library/Frameworks/ImageIO.framework/Versions/A/Resources/libPng.dylib
0x0000000002297000 	/System/Library/Frameworks/ImageIO.framework/Versions/A/Resources/libGIF.dylib
0x0000000002297000 	/System/Library/Frameworks/ImageIO.framework/Versions/A/Resources/libJP2.dylib
0x0000000002297000 	/System/Library/Frameworks/ImageIO.framework/Versions/A/Resources/libRadiance.dylib
0x0000000002297000 	/System/Library/Frameworks/CoreVideo.framework/Versions/A/CoreVideo
0x0000000002297000 	/System/Library/Frameworks/OpenGL.framework/Versions/A/Libraries/libGLU.dylib
0x0000000002297000 	/System/Library/Frameworks/OpenGL.framework/Versions/A/Libraries/libGFXShared.dylib
0x0000000002297000 	/System/Library/Frameworks/OpenGL.framework/Versions/A/Libraries/libGL.dylib
0x0000000002297000 	/System/Library/Frameworks/OpenGL.framework/Versions/A/Libraries/libGLImage.dylib
0x0000000002297000 	/System/Library/Frameworks/OpenGL.framework/Versions/A/Libraries/libCVMSPluginSupport.dylib
0x0000000002297000 	/System/Library/Frameworks/OpenGL.framework/Versions/A/Libraries/libCoreVMClient.dylib
0x0000000002297000 	/usr/lib/libcups.2.dylib
0x0000000002297000 	/System/Library/Frameworks/Kerberos.framework/Versions/A/Kerberos
0x0000000002297000 	/System/Library/Frameworks/GSS.framework/Versions/A/GSS
0x0000000002297000 	/usr/lib/libresolv.9.dylib
0x0000000002297000 	/usr/lib/libiconv.2.dylib
0x0000000002297000 	/System/Library/PrivateFrameworks/Heimdal.framework/Versions/A/Heimdal
0x0000000002297000 	/usr/lib/libheimdal-asn1.dylib
0x0000000002297000 	/System/Library/Frameworks/OpenDirectory.framework/Versions/A/OpenDirectory
0x0000000002297000 	/System/Library/PrivateFrameworks/CommonAuth.framework/Versions/A/CommonAuth
0x0000000002297000 	/System/Library/Frameworks/OpenDirectory.framework/Versions/A/Frameworks/CFOpenDirectory.framework/Versions/A/CFOpenDirectory
0x0000000002297000 	/System/Library/Frameworks/SecurityFoundation.framework/Versions/A/SecurityFoundation
0x0000000002297000 	/System/Library/PrivateFrameworks/LanguageModeling.framework/Versions/A/LanguageModeling
0x0000000002297000 	/usr/lib/libcmph.dylib
0x0000000002297000 	/System/Library/Frameworks/ServiceManagement.framework/Versions/A/ServiceManagement
0x0000000002297000 	/usr/lib/libxslt.1.dylib
0x0000000002297000 	/System/Library/Frameworks/Carbon.framework/Versions/A/Frameworks/Ink.framework/Versions/A/Ink
0x0000000002297000 	/System/Library/Frameworks/QuartzCore.framework/Versions/A/Frameworks/CoreImage.framework/Versions/A/CoreImage
0x0000000002297000 	/System/Library/PrivateFrameworks/CrashReporterSupport.framework/Versions/A/CrashReporterSupport
0x0000000002297000 	/System/Library/Frameworks/OpenCL.framework/Versions/A/OpenCL
0x0000000002297000 	/System/Library/PrivateFrameworks/FaceCore.framework/Versions/A/FaceCore
0x0000000002297000 	/System/Library/PrivateFrameworks/Ubiquity.framework/Versions/A/Ubiquity
0x0000000002297000 	/System/Library/PrivateFrameworks/IconServices.framework/Versions/A/IconServices
0x0000000002297000 	/System/Library/PrivateFrameworks/ChunkingLibrary.framework/Versions/A/ChunkingLibrary
0x0000000002297000 	/System/Library/PrivateFrameworks/Apple80211.framework/Versions/A/Apple80211
0x0000000002297000 	/System/Library/Frameworks/CoreWLAN.framework/Versions/A/CoreWLAN
0x0000000002297000 	/System/Library/Frameworks/IOBluetooth.framework/Versions/A/IOBluetooth
0x0000000002297000 	/System/Library/PrivateFrameworks/CoreWiFi.framework/Versions/A/CoreWiFi
0x0000000002297000 	/System/Library/Frameworks/CoreBluetooth.framework/Versions/A/CoreBluetooth
0x0000000002297000 	/System/Library/PrivateFrameworks/DebugSymbols.framework/Versions/A/DebugSymbols
0x0000000002297000 	/System/Library/PrivateFrameworks/CoreSymbolication.framework/Versions/A/CoreSymbolication
0x0000000002297000 	/System/Library/PrivateFrameworks/Symbolication.framework/Versions/A/Symbolication
0x0000000002297000 	/System/Library/PrivateFrameworks/SpeechRecognitionCore.framework/Versions/A/SpeechRecognitionCore
0x000000010a000000 	/Library/Java/JavaVirtualMachines/jdk1.8.0_40.jdk/Contents/Home/jre/lib/server/libjvm.dylib
0x0000000002297000 	/usr/lib/libstdc++.6.dylib
0x00000001097aa000 	/Library/Java/JavaVirtualMachines/jdk1.8.0_40.jdk/Contents/Home/jre/lib/libverify.dylib
0x00000001097b8000 	/Library/Java/JavaVirtualMachines/jdk1.8.0_40.jdk/Contents/Home/jre/lib/libjava.dylib
0x000000010af69000 	/Library/Java/JavaVirtualMachines/jdk1.8.0_40.jdk/Contents/Home/jre/lib/libjdwp.dylib
0x00000001097ee000 	/Library/Java/JavaVirtualMachines/jdk1.8.0_40.jdk/Contents/Home/jre/lib/libnpt.dylib
0x000000010afb4000 	/Library/Java/JavaVirtualMachines/jdk1.8.0_40.jdk/Contents/Home/jre/lib/libzip.dylib
0x0000000121034000 	/System/Library/Frameworks/JavaVM.framework/Frameworks/JavaRuntimeSupport.framework/JavaRuntimeSupport
0x000000012104a000 	/System/Library/Frameworks/JavaVM.framework/Versions/A/Frameworks/JavaNativeFoundation.framework/Versions/A/JavaNativeFoundation
0x000000012105e000 	/System/Library/Frameworks/JavaVM.framework/Versions/A/JavaVM
0x0000000002297000 	/System/Library/Frameworks/Carbon.framework/Versions/A/Carbon
0x000000012106a000 	/System/Library/PrivateFrameworks/JavaLaunching.framework/Versions/A/JavaLaunching
0x0000000002297000 	/System/Library/Frameworks/Carbon.framework/Versions/A/Frameworks/CommonPanels.framework/Versions/A/CommonPanels
0x0000000002297000 	/System/Library/Frameworks/Carbon.framework/Versions/A/Frameworks/Help.framework/Versions/A/Help
0x0000000002297000 	/System/Library/Frameworks/Carbon.framework/Versions/A/Frameworks/ImageCapture.framework/Versions/A/ImageCapture
0x0000000002297000 	/System/Library/Frameworks/Carbon.framework/Versions/A/Frameworks/OpenScripting.framework/Versions/A/OpenScripting
0x0000000002297000 	/System/Library/Frameworks/Carbon.framework/Versions/A/Frameworks/Print.framework/Versions/A/Print
0x0000000002297000 	/System/Library/Frameworks/Carbon.framework/Versions/A/Frameworks/SecurityHI.framework/Versions/A/SecurityHI
0x0000000122a50000 	/Library/Java/JavaVirtualMachines/jdk1.8.0_40.jdk/Contents/Home/jre/lib/libdt_socket.dylib

VM Arguments:
jvm_args: -agentlib:jdwp=transport=dt_socket,address=127.0.0.1:54914,suspend=y,server=n -Dfile.encoding=UTF-8 
java_command: com.company.Main
java_class_path (initial): /Library/Java/JavaVirtualMachines/jdk1.8.0_40.jdk/Contents/Home/lib/ant-javafx.jar:/Library/Java/JavaVirtualMachines/jdk1.8.0_40.jdk/Contents/Home/lib/dt.jar:/Library/Java/JavaVirtualMachines/jdk1.8.0_40.jdk/Contents/Home/lib/javafx-mx.jar:/Library/Java/JavaVirtualMachines/jdk1.8.0_40.jdk/Contents/Home/lib/jconsole.jar:/Library/Java/JavaVirtualMachines/jdk1.8.0_40.jdk/Contents/Home/lib/packager.jar:/Library/Java/JavaVirtualMachines/jdk1.8.0_40.jdk/Contents/Home/lib/sa-jdi.jar:/Library/Java/JavaVirtualMachines/jdk1.8.0_40.jdk/Contents/Home/lib/tools.jar:/Library/Java/JavaVirtualMachines/jdk1.8.0_40.jdk/Contents/Home/jre/lib/charsets.jar:/Library/Java/JavaVirtualMachines/jdk1.8.0_40.jdk/Contents/Home/jre/lib/deploy.jar:/Library/Java/JavaVirtualMachines/jdk1.8.0_40.jdk/Contents/Home/jre/lib/javaws.jar:/Library/Java/JavaVirtualMachines/jdk1.8.0_40.jdk/Contents/Home/jre/lib/jce.jar:/Library/Java/JavaVirtualMachines/jdk1.8.0_40.jdk/Contents/Home/jre/lib/jfr.jar:/Library/Java/JavaVirtualMachines/jdk1.8.0_40.jdk/Contents/Home/jre/lib/jfxswt.jar:/Library/Java/JavaVirtualMachines/jdk1.8.0_40.jdk/Contents/Home/jre/lib/jsse.jar:/Library/Java/JavaVirtualMachines/jdk1.8.0_40.jdk/Contents/Home/jre/lib/management-agent.jar:/Library/Java/JavaVirtualMachines/jdk1.8.0_40.jdk/Contents/Home/jre/lib/plugin.jar:/Library/Java/JavaVirtualMachines/jdk1.8.0_40.jdk/Contents/Home/jre/lib/resources.jar:/Library/Java/JavaVirtualMachines/jdk1.8.0_40.jdk/Contents/Home/jre/lib/rt.jar:/Library/Java/JavaVirtualMachines/jdk1.8.0_40.jdk/Contents/Home/jre/lib/ext/cldrdata.jar:/Library/Java/JavaVirtualMachines/jdk1.8.0_40.jdk/Contents/Home/jre/lib/ext/dnsns.jar:/Library/Java/JavaVirtualMachines/jdk1.8.0_40.jdk/Contents/Home/jre/lib/ext/jfxrt.jar:/Library/Java/JavaVirtualMachines/jdk1.8.0_40.jdk/Contents/Home/jre/lib/ext/localedata.jar:/Library/Java/JavaVirtualMachines/jdk1.8.0_40.jdk/Contents/Home/jre/lib/ext/nashorn.jar:/Library/Java/JavaVirtualMachines/jdk1.8.0_40.jdk/Conten
Launcher Type: SUN_STANDARD

Environment Variables:
PATH=/Library/Frameworks/Python.framework/Versions/2.7/bin:/usr/local/bin:/usr/bin:/bin:/usr/sbin:/sbin
SHELL=/bin/bash

Signal Handlers:
SIGSEGV: [libjvm.dylib+0x58ef95], sa_mask[0]=11111111011111110111111111111111, sa_flags=SA_ONSTACK|SA_RESTART|SA_SIGINFO
SIGBUS: [libjvm.dylib+0x58ef95], sa_mask[0]=11111111011111110111111111111111, sa_flags=SA_RESTART|SA_SIGINFO
SIGFPE: [libjvm.dylib+0x46c118], sa_mask[0]=11111111011111110111111111111111, sa_flags=SA_RESTART|SA_SIGINFO
SIGPIPE: [libjvm.dylib+0x46c118], sa_mask[0]=11111111011111110111111111111111, sa_flags=SA_RESTART|SA_SIGINFO
SIGXFSZ: [libjvm.dylib+0x46c118], sa_mask[0]=11111111011111110111111111111111, sa_flags=SA_RESTART|SA_SIGINFO
SIGILL: [libjvm.dylib+0x46c118], sa_mask[0]=11111111011111110111111111111111, sa_flags=SA_RESTART|SA_SIGINFO
SIGUSR1: SIG_DFL, sa_mask[0]=00000000000000000000000000000000, sa_flags=none
SIGUSR2: [libjvm.dylib+0x46bc36], sa_mask[0]=00100000000000000000000000000000, sa_flags=SA_RESTART|SA_SIGINFO
SIGHUP: [libjvm.dylib+0x46a209], sa_mask[0]=11111111011111110111111111111111, sa_flags=SA_RESTART|SA_SIGINFO
SIGINT: [libjvm.dylib+0x46a209], sa_mask[0]=11111111011111110111111111111111, sa_flags=SA_RESTART|SA_SIGINFO
SIGTERM: [libjvm.dylib+0x46a209], sa_mask[0]=11111111011111110111111111111111, sa_flags=SA_RESTART|SA_SIGINFO
SIGQUIT: [libjvm.dylib+0x46a209], sa_mask[0]=11111111011111110111111111111111, sa_flags=SA_RESTART|SA_SIGINFO


---------------  S Y S T E M  ---------------

OS:Bsduname:Darwin 14.3.0 Darwin Kernel Version 14.3.0: Mon Mar 23 11:59:05 PDT 2015; root:xnu-2782.20.48~5/RELEASE_X86_64 x86_64
rlimit: STACK 8192k, CORE 0k, NPROC 709, NOFILE 10240, AS infinity
load average:4.70 3.93 3.37

CPU:total 4 (2 cores per cpu, 2 threads per core) family 6 model 61 stepping 4, cmov, cx8, fxsr, mmx, sse, sse2, sse3, ssse3, sse4.1, sse4.2, popcnt, avx, avx2, aes, clmul, erms, 3dnowpref, lzcnt, ht, tsc, tscinvbit, bmi1, bmi2, adx

Memory: 4k page, physical 8388608k(472132k free)

/proc/meminfo:


vm_info: Java HotSpot(TM) 64-Bit Server VM (25.40-b25) for bsd-amd64 JRE (1.8.0_40-b27), built on Mar 13 2015 04:46:52 by "java_re" with gcc 4.2.1 (Based on Apple Inc. build 5658) (LLVM build 2336.11.00)

time: Mon Jul  6 22:46:26 2015
elapsed time: 29483 seconds (0d 8h 11m 23s)

